#
# A fatal error has been detected by the Java Runtime Environment:
#
#  SIGSEGV (0xb) at pc=0x0000000106799027, pid=36049, tid=0x000000000000db1f
#
# JRE version: Java(TM) SE Runtime Environment (8.0_181-b13) (build 1.8.0_181-b13)
# Java VM: Java HotSpot(TM) 64-Bit Server VM (25.181-b13 mixed mode bsd-amd64 compressed oops)
# Problematic frame:
# C  [libawt_lwawt.dylib+0x1c027]  OGLSD_SetScratchSurface+0x49
#
# Failed to write core dump. Core dumps have been disabled. To enable core dumping, try "ulimit -c unlimited" before starting Java again
#
# If you would like to submit a bug report, please visit:
#   http://bugreport.java.com/bugreport/crash.jsp
# The crash happened outside the Java Virtual Machine in native code.
# See problematic frame for where to report the bug.
#

---------------  T H R E A D  ---------------

Current thread (0x00007f9e55942000):  JavaThread "Java2D Queue Flusher" daemon [_thread_in_native, id=56095, stack(0x000070000881a000,0x000070000891a000)]

siginfo: si_signo: 11 (SIGSEGV), si_code: 1 (SEGV_MAPERR), si_addr: 0x0000000000000002

Registers:
RAX=0x00000001067ba5ca, RBX=0x0000000000000002, RCX=0x0000000000000047, RDX=0x00000001067bab14
RSP=0x00007000089197c0, RBP=0x00007000089197e0, RSI=0x00007f9e85691030, RDI=0x00007f9e559421f8
R8 =0x000000000000020b, R9 =0xffffffff00000000, R10=0x000000010dc0c9b8, R11=0x0000000000000000
R12=0x0000000000000000, R13=0x0000000780035cb8, R14=0x00007f9e559421f8, R15=0x00007f9e55942000
RIP=0x0000000106799027, EFLAGS=0x0000000000010202, ERR=0x0000000000000004
  TRAPNO=0x000000000000000e

Top of Stack: (sp=0x00007000089197c0)
0x00007000089197c0:   00007f9e85691030 0000000000000000
0x00007000089197d0:   00007f9e56196810 00007f9e55942000
0x00007000089197e0:   0000700008919860 00000001067ba5f2
0x00007000089197f0:   0000700008919800 000000010268dc51
0x0000700008919800:   0000700008919810 000000010268de67
0x0000700008919810:   0000700008919830 0000000102776e2c
0x0000700008919820:   00007f9e75437b50 00007f9e56196820
0x0000700008919830:   0000700000919850 00007f9e559421f8
0x0000700008919840:   000000014fcf4f20 0000000000000000
0x0000700008919850:   0000700008919928 00007f9e55942000
0x0000700008919860:   00007000089198b0 000000010dc0ca2a
0x0000700008919870:   00000007800360b8 0000000102551a64
0x0000700008919880:   0000000000000005 00007f9e55942000
0x0000700008919890:   0000000780035c01 00007f9e75437b50
0x00007000089198a0:   0000700008919801 00007f9e55942000
0x00007000089198b0:   0000000780035cb8 000000010e18fd3c
0x00007000089198c0:   0000700008919928 00007f9e55942000
0x00007000089198d0:   0000700008919920 000000010d21f328
0x00007000089198e0:   0000000780035cb8 0000700008919928
0x00007000089198f0:   00000001062c8828 0000000000000000
0x0000700008919900:   00000001062cab48 0000000000000000
0x0000700008919910:   00000007800360b8 00000000f61c8b2b
0x0000700008919920:   0000000780035cb8 0000000110610ea0
0x0000700008919930:   000000010acdc6d0 0000000000000000
0x0000700008919940:   0000000780035cb8 0000000000000000
0x0000700008919950:   0000000780035cb8 00007000089199f0
0x0000700008919960:   0000000000000001 0000000000000000
0x0000700008919970:   00007000089199f0 000000010cb5a7a7
0x0000700008919980:   0000000780035cb8 0000000780035cb8
0x0000700008919990:   0000700000001fa0 000000000000000a
0x00007000089199a0:   00007f9e55942000 0000000000000001
0x00007000089199b0:   000000010cb5a71f 000000010acdbe70 

Instructions: (pc=0x0000000106799027)
0x0000000106799007:   c0 e9 82 00 00 00 48 8b 5e 10 48 85 db 75 0e bf
0x0000000106799017:   01 00 00 00 48 8d 15 a8 96 03 00 eb d6 49 89 fe
0x0000000106799027:   4c 8b 3b 30 c0 e8 ff bc 02 00 49 8b 3f 49 89 c4
0x0000000106799037:   48 8b 35 02 29 06 00 30 c0 e8 4d be 02 00 48 85 

Register to memory mapping:

RAX=0x00000001067ba5ca: Java_sun_java2d_opengl_OGLRenderQueue_flushBuffer+0x612 in /Library/Java/JavaVirtualMachines/jdk1.8.0_181.jdk/Contents/Home/jre/lib/libawt_lwawt.dylib at 0x000000010677d000
RBX=0x0000000000000002 is an unknown value
RCX=0x0000000000000047 is an unknown value
RDX=0x00000001067bab14: Java_sun_java2d_opengl_OGLRenderQueue_flushBuffer+0xb5c in /Library/Java/JavaVirtualMachines/jdk1.8.0_181.jdk/Contents/Home/jre/lib/libawt_lwawt.dylib at 0x000000010677d000
RSP=0x00007000089197c0 is pointing into the stack for thread: 0x00007f9e55942000
RBP=0x00007000089197e0 is pointing into the stack for thread: 0x00007f9e55942000
RSI=0x00007f9e85691030 is an unknown value
RDI=0x00007f9e559421f8 is an unknown value
R8 =0x000000000000020b is an unknown value
R9 =0xffffffff00000000 is an unknown value
R10=0x000000010dc0c9b8 is at entry_point+56 in (nmethod*)0x000000010dc0c810
R11=0x0000000000000000 is an unknown value
R12=0x0000000000000000 is an unknown value
R13=0x0000000780035cb8 is an oop
sun.java2d.opengl.OGLRenderQueue$QueueFlusher 
 - klass: 'sun/java2d/opengl/OGLRenderQueue$QueueFlusher'
R14=0x00007f9e559421f8 is an unknown value
R15=0x00007f9e55942000 is a thread


Stack: [0x000070000881a000,0x000070000891a000],  sp=0x00007000089197c0,  free space=1021k
Native frames: (J=compiled Java code, j=interpreted, Vv=VM code, C=native code)
C  [libawt_lwawt.dylib+0x1c027]  OGLSD_SetScratchSurface+0x49
C  [libawt_lwawt.dylib+0x3d5f2]  Java_sun_java2d_opengl_OGLRenderQueue_flushBuffer+0x63a
J 7886  sun.java2d.opengl.OGLRenderQueue.flushBuffer(JI)V (0 bytes) @ 0x000000010dc0ca2a [0x000000010dc0c980+0xaa]
J 7826 C1 sun.java2d.opengl.OGLRenderQueue.flushBuffer()V (41 bytes) @ 0x000000010e18fd3c [0x000000010e18fae0+0x25c]
J 26532% C2 sun.java2d.opengl.OGLRenderQueue$QueueFlusher.run()V (234 bytes) @ 0x0000000110610ea0 [0x0000000110610b80+0x320]
v  ~StubRoutines::call_stub
V  [libjvm.dylib+0x2efcba]  JavaCalls::call_helper(JavaValue*, methodHandle*, JavaCallArguments*, Thread*)+0x6ae
V  [libjvm.dylib+0x2f045e]  JavaCalls::call_virtual(JavaValue*, KlassHandle, Symbol*, Symbol*, JavaCallArguments*, Thread*)+0x164
V  [libjvm.dylib+0x2f060a]  JavaCalls::call_virtual(JavaValue*, Handle, KlassHandle, Symbol*, Symbol*, Thread*)+0x4a
V  [libjvm.dylib+0x34aef9]  thread_entry(JavaThread*, Thread*)+0x7c
V  [libjvm.dylib+0x56fa7f]  JavaThread::thread_main_inner()+0x9b
V  [libjvm.dylib+0x57117a]  JavaThread::run()+0x1c2
V  [libjvm.dylib+0x48e342]  java_start(Thread*)+0xf6
C  [libsystem_pthread.dylib+0x32eb]  _pthread_body+0x7e
C  [libsystem_pthread.dylib+0x6249]  _pthread_start+0x42
C  [libsystem_pthread.dylib+0x240d]  thread_start+0xd
C  0x0000000000000000

Java frames: (J=compiled Java code, j=interpreted, Vv=VM code)
J 7886  sun.java2d.opengl.OGLRenderQueue.flushBuffer(JI)V (0 bytes) @ 0x000000010dc0c9b8 [0x000000010dc0c980+0x38]
J 7826 C1 sun.java2d.opengl.OGLRenderQueue.flushBuffer()V (41 bytes) @ 0x000000010e18fd3c [0x000000010e18fae0+0x25c]
J 26532% C2 sun.java2d.opengl.OGLRenderQueue$QueueFlusher.run()V (234 bytes) @ 0x0000000110610ea0 [0x0000000110610b80+0x320]
v  ~StubRoutines::call_stub

---------------  P R O C E S S  ---------------

Java Threads: ( => current thread )
  0x00007f9e75e6c000 JavaThread "Thread-8826" daemon [_thread_blocked, id=168651, stack(0x0000700008402000,0x0000700008502000)]
  0x00007f9df6f1a000 JavaThread "Thread-8825" daemon [_thread_blocked, id=145923, stack(0x00007000069ae000,0x0000700006aae000)]
  0x00007f9de5aba800 JavaThread "FusionReactor - Worker-4089" daemon [_thread_blocked, id=168727, stack(0x0000700009b53000,0x0000700009c53000)]
  0x00007f9e75abc800 JavaThread "cfthread-82" [_thread_blocked, id=166679, stack(0x0000700011a4d000,0x0000700011b4d000)]
  0x00007f9df0128000 JavaThread "scheduler-5" [_thread_blocked, id=145171, stack(0x0000700011235000,0x0000700011335000)]
  0x00007f9df6b5c800 JavaThread "scheduler-4" [_thread_blocked, id=141707, stack(0x000070000fefc000,0x000070000fffc000)]
  0x00007f9de5c6d000 JavaThread "scheduler-3" [_thread_blocked, id=64035, stack(0x0000700011132000,0x0000700011232000)]
  0x00007f9df510e000 JavaThread "Thread-237" daemon [_thread_blocked, id=89455, stack(0x0000700010102000,0x0000700010202000)]
  0x00007f9de5844000 JavaThread "pool-8-thread-1" [_thread_blocked, id=144651, stack(0x000070001102f000,0x000070001112f000)]
  0x00007f9df51a1800 JavaThread "Statistics Thread-AuthCacheManager-1" daemon [_thread_blocked, id=144139, stack(0x0000700010f2c000,0x000070001102c000)]
  0x00007f9e75f96000 JavaThread "AuthCacheManager" daemon [_thread_blocked, id=168203, stack(0x0000700010e29000,0x0000700010f29000)]
  0x00007f9e567bc000 JavaThread "pool-7-thread-1" [_thread_blocked, id=138551, stack(0x0000700010d26000,0x0000700010e26000)]
  0x00007f9e75e14800 JavaThread "XNIO-1 task-30" [_thread_blocked, id=170295, stack(0x0000700010c23000,0x0000700010d23000)]
  0x00007f9df71d7800 JavaThread "XNIO-1 task-29" [_thread_blocked, id=143875, stack(0x0000700010b20000,0x0000700010c20000)]
  0x00007f9de5e91800 JavaThread "XNIO-1 task-28" [_thread_blocked, id=165687, stack(0x0000700010a1d000,0x0000700010b1d000)]
  0x00007f9e07c64800 JavaThread "XNIO-1 task-26" [_thread_blocked, id=143107, stack(0x000070001091a000,0x0000700010a1a000)]
  0x00007f9df52a3000 JavaThread "XNIO-1 task-25" [_thread_blocked, id=165891, stack(0x0000700010817000,0x0000700010917000)]
  0x00007f9e261bd000 JavaThread "XNIO-1 task-27" [_thread_blocked, id=142387, stack(0x0000700010714000,0x0000700010814000)]
  0x00007f9e26217000 JavaThread "XNIO-1 task-23" [_thread_blocked, id=141851, stack(0x0000700010611000,0x0000700010711000)]
  0x00007f9df6cbf800 JavaThread "XNIO-1 task-24" [_thread_blocked, id=67883, stack(0x000070001050e000,0x000070001060e000)]
  0x00007f9e85ed3800 JavaThread "XNIO-1 task-22" [_thread_blocked, id=171283, stack(0x000070001040b000,0x000070001050b000)]
  0x00007f9e76172000 JavaThread "XNIO-1 task-21" [_thread_blocked, id=137303, stack(0x0000700010308000,0x0000700010408000)]
  0x00007f9df6ff2800 JavaThread "XNIO-1 task-20" [_thread_blocked, id=90123, stack(0x000070000fb70000,0x000070000fc70000)]
  0x00007f9df6cd7000 JavaThread "XNIO-1 task-19" [_thread_blocked, id=125755, stack(0x000070000b9ad000,0x000070000baad000)]
  0x00007f9df6ff3800 JavaThread "XNIO-1 task-18" [_thread_blocked, id=96955, stack(0x000070000a36b000,0x000070000a46b000)]
  0x00007f9e07aa2800 JavaThread "XNIO-1 task-17" [_thread_blocked, id=91667, stack(0x0000700009e5c000,0x0000700009f5c000)]
  0x00007f9e8582a000 JavaThread "XNIO-1 task-16" [_thread_blocked, id=95619, stack(0x0000700009d59000,0x0000700009e59000)]
  0x00007f9df003d800 JavaThread "XNIO-1 task-15" [_thread_blocked, id=129287, stack(0x000070000ab83000,0x000070000ac83000)]
  0x00007f9df050e000 JavaThread "XNIO-1 task-14" [_thread_blocked, id=67431, stack(0x000070000a268000,0x000070000a368000)]
  0x00007f9de5844800 JavaThread "XNIO-1 task-13" [_thread_blocked, id=127875, stack(0x000070000a165000,0x000070000a265000)]
  0x00007f9e75dda000 JavaThread "XNIO-1 task-12" [_thread_blocked, id=64371, stack(0x000070000a062000,0x000070000a162000)]
  0x00007f9df2d45800 JavaThread "XNIO-1 task-11" [_thread_blocked, id=126811, stack(0x0000700009f5f000,0x000070000a05f000)]
  0x00007f9e85f97000 JavaThread "XNIO-1 task-10" [_thread_blocked, id=128031, stack(0x00007000096c7000,0x00007000097c7000)]
  0x00007f9e85dd5800 JavaThread "XNIO-1 task-9" [_thread_blocked, id=93407, stack(0x0000700009c56000,0x0000700009d56000)]
  0x00007f9de5c93000 JavaThread "XNIO-1 task-8" [_thread_blocked, id=128619, stack(0x0000700009a50000,0x0000700009b50000)]
  0x00007f9df516a000 JavaThread "XNIO-1 task-7" [_thread_blocked, id=128823, stack(0x00007000095c4000,0x00007000096c4000)]
  0x00007f9df5302800 JavaThread "XNIO-1 task-6" [_thread_blocked, id=87303, stack(0x000070000aa80000,0x000070000ab80000)]
  0x00007f9e765d4000 JavaThread "pool-6-thread-1" [_thread_blocked, id=130059, stack(0x000070000a777000,0x000070000a877000)]
  0x00007f9df2d61800 JavaThread "customcache.data" [_thread_blocked, id=64531, stack(0x000070000a674000,0x000070000a774000)]
  0x00007f9de5e93000 JavaThread "Statistics Thread-__DEFAULT__-1" daemon [_thread_blocked, id=66055, stack(0x000070000a571000,0x000070000a671000)]
  0x00007f9de7002000 JavaThread "__DEFAULT__" daemon [_thread_blocked, id=90375, stack(0x000070000a46e000,0x000070000a56e000)]
  0x00007f9de5cac800 JavaThread "XNIO-1 task-5" [_thread_blocked, id=37923, stack(0x000070000933b000,0x000070000943b000)]
  0x00007f9e75b7e800 JavaThread "XNIO-1 task-4" [_thread_blocked, id=4451, stack(0x00007000094c1000,0x00007000095c1000)]
  0x00007f9e564ba800 JavaThread "scheduler-2" [_thread_blocked, id=138011, stack(0x0000700010205000,0x0000700010305000)]
  0x00007f9de7e15000 JavaThread "XNIO-1 task-3" [_thread_blocked, id=28171, stack(0x000070000fdf9000,0x000070000fef9000)]
  0x00007f9e85e79000 JavaThread "XNIO-1 task-2" [_thread_blocked, id=138763, stack(0x000070000b39b000,0x000070000b49b000)]
  0x00007f9df0c84000 JavaThread "XNIO-1 task-1" [_thread_blocked, id=167703, stack(0x000070000fcf6000,0x000070000fdf6000)]
  0x00007f9df09c7800 JavaThread "SystemTrayEventDispatch-1" [_thread_blocked, id=138247, stack(0x000070000860e000,0x0000700008636000)]
  0x00007f9e5610d000 JavaThread "scheduler-1" [_thread_blocked, id=169751, stack(0x000070000b298000,0x000070000b398000)]
  0x00007f9df05fb000 JavaThread "DestroyJavaVM" [_thread_blocked, id=5891, stack(0x0000700006ab4000,0x0000700006bb4000)]
  0x00007f9e0700b000 JavaThread "AWT-EventQueue-0" [_thread_blocked, id=85511, stack(0x000070000fa6d000,0x000070000fb6d000)]
  0x00007f9e85d66800 JavaThread "ForceHighResTimer" daemon [_thread_blocked, id=27655, stack(0x000070000f96a000,0x000070000fa6a000)]
  0x00007f9df0a3d800 JavaThread "StopMonitor" daemon [_thread_in_native, id=27911, stack(0x000070000f867000,0x000070000f967000)]
  0x00007f9e459af800 JavaThread "pool-5-thread-1" [_thread_blocked, id=84231, stack(0x000070000f764000,0x000070000f864000)]
  0x00007f9de69d2000 JavaThread "pool-4-thread-1" [_thread_blocked, id=3847, stack(0x000070000850b000,0x000070000860b000)]
  0x00007f9e85a91800 JavaThread "pool-3-thread-1" [_thread_blocked, id=4103, stack(0x00007000081f9000,0x00007000082f9000)]
  0x00007f9de7001000 JavaThread "Timer-5" daemon [_thread_blocked, id=47623, stack(0x000070000f661000,0x000070000f761000)]
  0x00007f9e565c7800 JavaThread "AWT-Shutdown" [_thread_blocked, id=34311, stack(0x000070000f55e000,0x000070000f65e000)]
  0x00007f9df0003800 JavaThread "Timer-4" daemon [_thread_blocked, id=133379, stack(0x000070000f45b000,0x000070000f55b000)]
  0x00007f9e459ab000 JavaThread "Timer-3" [_thread_blocked, id=133123, stack(0x000070000f358000,0x000070000f458000)]
  0x00007f9e5581b800 JavaThread "Timer-2" [_thread_blocked, id=172803, stack(0x000070000f255000,0x000070000f355000)]
  0x00007f9de71c8000 JavaThread "New I/O server boss #1 ([id: 0x68d259f9, /0:0:0:0:0:0:0:0:8581])" [_thread_in_native, id=173059, stack(0x000070000f152000,0x000070000f252000)]
  0x00007f9de6ad2800 JavaThread "New I/O  worker #24" [_thread_in_native, id=132099, stack(0x000070000f04f000,0x000070000f14f000)]
  0x00007f9de5f24000 JavaThread "New I/O  worker #23" [_thread_in_native, id=173571, stack(0x000070000ef4c000,0x000070000f04c000)]
  0x00007f9de5a7f800 JavaThread "New I/O  worker #22" [_thread_in_native, id=173827, stack(0x000070000ee49000,0x000070000ef49000)]
  0x00007f9de5a7e800 JavaThread "New I/O  worker #21" [_thread_in_native, id=174083, stack(0x000070000ed46000,0x000070000ee46000)]
  0x00007f9de5f37800 JavaThread "New I/O  worker #20" [_thread_in_native, id=174339, stack(0x000070000ec43000,0x000070000ed43000)]
  0x00007f9de5922000 JavaThread "New I/O  worker #19" [_thread_in_native, id=110339, stack(0x000070000eb40000,0x000070000ec40000)]
  0x00007f9de7d2d800 JavaThread "New I/O  worker #18" [_thread_in_native, id=110595, stack(0x000070000ea3d000,0x000070000eb3d000)]
  0x00007f9de7d3f800 JavaThread "New I/O  worker #17" [_thread_in_native, id=111107, stack(0x000070000e93a000,0x000070000ea3a000)]
  0x00007f9de7d3e000 JavaThread "New I/O  worker #16" [_thread_in_native, id=111619, stack(0x000070000e837000,0x000070000e937000)]
  0x00007f9e459d6800 JavaThread "New I/O  worker #15" [_thread_in_native, id=111875, stack(0x000070000e734000,0x000070000e834000)]
  0x00007f9e25938000 JavaThread "New I/O  worker #14" [_thread_in_native, id=112131, stack(0x000070000e631000,0x000070000e731000)]
  0x00007f9e062d9800 JavaThread "New I/O  worker #13" [_thread_in_native, id=112643, stack(0x000070000e52e000,0x000070000e62e000)]
  0x00007f9e07c18800 JavaThread "New I/O  worker #12" [_thread_in_native, id=109315, stack(0x000070000e42b000,0x000070000e52b000)]
  0x00007f9e0722b800 JavaThread "New I/O  worker #11" [_thread_in_native, id=113411, stack(0x000070000e328000,0x000070000e428000)]
  0x00007f9e07bff800 JavaThread "New I/O  worker #10" [_thread_in_native, id=108803, stack(0x000070000e225000,0x000070000e325000)]
  0x00007f9e07955000 JavaThread "New I/O  worker #9" [_thread_in_native, id=113923, stack(0x000070000e122000,0x000070000e222000)]
  0x00007f9e062d2000 JavaThread "New I/O  worker #8" [_thread_in_native, id=114179, stack(0x000070000e01f000,0x000070000e11f000)]
  0x00007f9e459d4000 JavaThread "New I/O  worker #7" [_thread_in_native, id=108291, stack(0x000070000df1c000,0x000070000e01c000)]
  0x00007f9e459c6800 JavaThread "New I/O  worker #6" [_thread_in_native, id=107779, stack(0x000070000de19000,0x000070000df19000)]
  0x00007f9e07c04800 JavaThread "New I/O  worker #5" [_thread_in_native, id=107267, stack(0x000070000dd16000,0x000070000de16000)]
  0x00007f9e459b0000 JavaThread "New I/O  worker #4" [_thread_in_native, id=114691, stack(0x000070000dc13000,0x000070000dd13000)]
  0x00007f9e0722a800 JavaThread "New I/O  worker #3" [_thread_in_native, id=106755, stack(0x000070000db10000,0x000070000dc10000)]
  0x00007f9e26306800 JavaThread "New I/O  worker #2" [_thread_in_native, id=106499, stack(0x000070000da0d000,0x000070000db0d000)]
  0x00007f9e262c7800 JavaThread "New I/O  worker #1" [_thread_in_native, id=104967, stack(0x000070000d3fb000,0x000070000d4fb000)]
  0x00007f9e07207800 JavaThread "worker #4" daemon [_thread_blocked, id=115459, stack(0x000070000d90a000,0x000070000da0a000)]
  0x00007f9e061f8000 JavaThread "worker #3" daemon [_thread_blocked, id=115971, stack(0x000070000d807000,0x000070000d907000)]
  0x00007f9e459c3000 JavaThread "worker #2" daemon [_thread_blocked, id=105987, stack(0x000070000d704000,0x000070000d804000)]
  0x00007f9de6a9f800 JavaThread "worker #1" daemon [_thread_blocked, id=105731, stack(0x000070000d601000,0x000070000d701000)]
  0x00007f9e567f7000 JavaThread "worker #0" daemon [_thread_blocked, id=105475, stack(0x000070000d4fe000,0x000070000d5fe000)]
  0x00007f9de79b1000 JavaThread "Timer-1" [_thread_blocked, id=104707, stack(0x000070000d2f8000,0x000070000d3f8000)]
  0x00007f9e459b7000 JavaThread "FusionReactor HTTP-101" daemon [_thread_blocked, id=104451, stack(0x000070000d1f5000,0x000070000d2f5000)]
  0x00007f9e459aa000 JavaThread "FusionReactor HTTP-100" daemon [_thread_blocked, id=104195, stack(0x000070000d0f2000,0x000070000d1f2000)]
  0x00007f9e259be800 JavaThread "FusionReactor HTTP-99 Acceptor2 SelectChannelConnector@127.0.0.1:51357" daemon [_thread_blocked, id=103683, stack(0x000070000cfef000,0x000070000d0ef000)]
  0x00007f9de5f0a800 JavaThread "FusionReactor HTTP-98 Acceptor1 SelectChannelConnector@127.0.0.1:51357" daemon [_thread_blocked, id=117763, stack(0x000070000ceec000,0x000070000cfec000)]
  0x00007f9de5a9e000 JavaThread "FusionReactor HTTP-97 Acceptor0 SelectChannelConnector@127.0.0.1:51357" daemon [_thread_in_native, id=118275, stack(0x000070000cde9000,0x000070000cee9000)]
  0x00007f9de5aca800 JavaThread "FusionReactor HTTP-96 Selector1" daemon [_thread_in_native, id=102915, stack(0x000070000cce6000,0x000070000cde6000)]
  0x00007f9de5ab2800 JavaThread "FusionReactor HTTP-95 Selector2" daemon [_thread_in_native, id=118531, stack(0x000070000cbe3000,0x000070000cce3000)]
  0x00007f9de5bac800 JavaThread "FusionReactor HTTP-94 Selector0" daemon [_thread_in_native, id=102403, stack(0x000070000cae0000,0x000070000cbe0000)]
  0x00007f9e261f0800 JavaThread "HashSessionScavenger-0" daemon [_thread_blocked, id=14855, stack(0x00007000079e1000,0x0000700007ae1000)]
  0x00007f9e75ed0800 JavaThread "FusionReactor - Report data gatherer thread" daemon [_thread_blocked, id=119043, stack(0x000070000c9dd000,0x000070000cadd000)]
  0x00007f9e5677e000 JavaThread "FusionReactor APM/Metro - Metrics Gathering Timer" daemon [_thread_blocked, id=101891, stack(0x000070000c8da000,0x000070000c9da000)]
  0x00007f9e55d00000 JavaThread "Intergral APM - Crash Protection - Rule Executor" daemon [_thread_blocked, id=101635, stack(0x000070000c7d7000,0x000070000c8d7000)]
  0x00007f9e85eca000 JavaThread "DefaultQuartzScheduler_QuartzSchedulerThread" [_thread_blocked, id=101379, stack(0x000070000c6d4000,0x000070000c7d4000)]
  0x00007f9e75ec8000 JavaThread "DefaultQuartzScheduler_Worker-10" [_thread_blocked, id=100867, stack(0x000070000c5d1000,0x000070000c6d1000)]
  0x00007f9e75eb6800 JavaThread "DefaultQuartzScheduler_Worker-9" [_thread_blocked, id=100355, stack(0x000070000c4ce000,0x000070000c5ce000)]
  0x00007f9e55d01000 JavaThread "DefaultQuartzScheduler_Worker-8" [_thread_blocked, id=120323, stack(0x000070000c3cb000,0x000070000c4cb000)]
  0x00007f9e75ec6800 JavaThread "DefaultQuartzScheduler_Worker-7" [_thread_blocked, id=99843, stack(0x000070000c2c8000,0x000070000c3c8000)]
  0x00007f9e5678b000 JavaThread "DefaultQuartzScheduler_Worker-6" [_thread_blocked, id=99331, stack(0x000070000c1c5000,0x000070000c2c5000)]
  0x00007f9e85ecb000 JavaThread "DefaultQuartzScheduler_Worker-5" [_thread_blocked, id=120835, stack(0x000070000c0c2000,0x000070000c1c2000)]
  0x00007f9e56787800 JavaThread "DefaultQuartzScheduler_Worker-4" [_thread_blocked, id=98819, stack(0x000070000bfbf000,0x000070000c0bf000)]
  0x00007f9e56787000 JavaThread "DefaultQuartzScheduler_Worker-3" [_thread_blocked, id=121091, stack(0x000070000bebc000,0x000070000bfbc000)]
  0x00007f9e55cff800 JavaThread "DefaultQuartzScheduler_Worker-2" [_thread_blocked, id=98051, stack(0x000070000bdb9000,0x000070000beb9000)]
  0x00007f9e55cfe800 JavaThread "DefaultQuartzScheduler_Worker-1" [_thread_blocked, id=97539, stack(0x000070000bcb6000,0x000070000bdb6000)]
  0x00007f9e45971000 JavaThread "Timer-0" daemon [_thread_blocked, id=97027, stack(0x000070000bbb3000,0x000070000bcb3000)]
  0x00007f9e85ebd800 JavaThread "FusionReactor - Crash Protection - Request Queue Runner" daemon [_thread_blocked, id=121607, stack(0x000070000bab0000,0x000070000bbb0000)]
  0x00007f9e25973000 JavaThread "FusionReactor Scheduler Task" daemon [_thread_blocked, id=122371, stack(0x000070000b8aa000,0x000070000b9aa000)]
  0x00007f9de5898800 JavaThread "obj-skimmer-coolblog" daemon [_thread_blocked, id=96515, stack(0x000070000b7a7000,0x000070000b8a7000)]
  0x00007f9e55c9c800 JavaThread "scheduler-0" [_thread_blocked, id=96259, stack(0x000070000b6a4000,0x000070000b7a4000)]
  0x00007f9e070e9800 JavaThread "FusionReactor Enterprise Service - Local Metrics Cache" daemon [_thread_blocked, id=123139, stack(0x000070000b5a1000,0x000070000b6a1000)]
  0x00007f9de5898000 JavaThread "FusionReactor - Plugin scheduled task thread" daemon [_thread_blocked, id=95747, stack(0x000070000b49e000,0x000070000b59e000)]
  0x00007f9e764b1000 JavaThread "FusionReactor ODL" daemon [_thread_blocked, id=26671, stack(0x00007000080f6000,0x00007000081f6000)]
  0x00007f9e85d59800 JavaThread "Abandoned connection cleanup thread" daemon [_thread_blocked, id=123911, stack(0x000070000b195000,0x000070000b295000)]
  0x00007f9e75d1f800 JavaThread "Jetty HTTP Service" daemon [_thread_blocked, id=124423, stack(0x000070000b092000,0x000070000b192000)]
  0x00007f9e7646f000 JavaThread "FusionReactor - Scheduler" daemon [_thread_blocked, id=94211, stack(0x000070000af8f000,0x000070000b08f000)]
  0x00007f9de58f8800 JavaThread "Thread-15" daemon [_thread_blocked, id=124931, stack(0x000070000ae8c000,0x000070000af8c000)]
  0x00007f9e7645b800 JavaThread "SCR Component Actor" daemon [_thread_blocked, id=125443, stack(0x000070000ad89000,0x000070000ae89000)]
  0x00007f9e76458000 JavaThread "CM Event Dispatcher" daemon [_thread_blocked, id=93443, stack(0x000070000a97d000,0x000070000aa7d000)]
  0x00007f9e76457800 JavaThread "CM Configuration Updater" daemon [_thread_blocked, id=127491, stack(0x000070000a87a000,0x000070000a97a000)]
  0x00007f9e76433800 JavaThread "FelixStartLevel" daemon [_thread_blocked, id=130563, stack(0x000070000994d000,0x0000700009a4d000)]
  0x00007f9e5640b000 JavaThread "FelixFrameworkWiring" daemon [_thread_blocked, id=87555, stack(0x000070000984a000,0x000070000994a000)]
  0x00007f9e85a2e000 JavaThread "FelixDispatchQueue" daemon [_thread_blocked, id=67091, stack(0x0000700009238000,0x0000700009338000)]
  0x00007f9e561bb000 JavaThread "XNIO-1 Accept" [_thread_in_native, id=69635, stack(0x0000700009135000,0x0000700009235000)]
  0x00007f9e0780b800 JavaThread "XNIO-1 I/O-8" [_thread_in_native, id=63235, stack(0x0000700009032000,0x0000700009132000)]
  0x00007f9e06006000 JavaThread "XNIO-1 I/O-7" [_thread_in_native, id=62723, stack(0x0000700008f2f000,0x000070000902f000)]
  0x00007f9e561ba800 JavaThread "XNIO-1 I/O-6" [_thread_in_native, id=62467, stack(0x0000700008e2c000,0x0000700008f2c000)]
  0x00007f9e859c4000 JavaThread "XNIO-1 I/O-5" [_thread_in_native, id=62211, stack(0x0000700008d29000,0x0000700008e29000)]
  0x00007f9e561b5800 JavaThread "XNIO-1 I/O-4" [_thread_in_native, id=70659, stack(0x0000700008c26000,0x0000700008d26000)]
  0x00007f9e561b4800 JavaThread "XNIO-1 I/O-3" [_thread_in_native, id=71951, stack(0x0000700008b23000,0x0000700008c23000)]
  0x00007f9e5617f000 JavaThread "XNIO-1 I/O-2" [_thread_in_native, id=71439, stack(0x0000700008a20000,0x0000700008b20000)]
  0x00007f9e76205800 JavaThread "XNIO-1 I/O-1" [_thread_in_native, id=58167, stack(0x000070000891d000,0x0000700008a1d000)]
=>0x00007f9e55942000 JavaThread "Java2D Queue Flusher" daemon [_thread_in_native, id=56095, stack(0x000070000881a000,0x000070000891a000)]
  0x00007f9e7593b000 JavaThread "Java2D Disposer" daemon [_thread_blocked, id=79627, stack(0x0000700008717000,0x0000700008817000)]
  0x00007f9e761e7800 JavaThread "AppKit Thread" daemon [_thread_in_native, id=775, stack(0x00007ffeeeb74000,0x00007ffeef374000)]
  0x00007f9e75829000 JavaThread "Service Thread" daemon [_thread_blocked, id=22275, stack(0x0000700007ef0000,0x0000700007ff0000)]
  0x00007f9e76041000 JavaThread "C1 CompilerThread3" daemon [_thread_blocked, id=21763, stack(0x0000700007ded000,0x0000700007eed000)]
  0x00007f9e86094800 JavaThread "C2 CompilerThread2" daemon [_thread_blocked, id=15619, stack(0x0000700007cea000,0x0000700007dea000)]
  0x00007f9e75828000 JavaThread "C2 CompilerThread1" daemon [_thread_blocked, id=15363, stack(0x0000700007be7000,0x0000700007ce7000)]
  0x00007f9e5600e800 JavaThread "C2 CompilerThread0" daemon [_thread_blocked, id=16387, stack(0x0000700007ae4000,0x0000700007be4000)]
  0x00007f9e86012000 JavaThread "Signal Dispatcher" daemon [_thread_blocked, id=14339, stack(0x00007000078de000,0x00007000079de000)]
  0x00007f9e8600a800 JavaThread "Finalizer" daemon [_thread_blocked, id=18691, stack(0x00007000077db000,0x00007000078db000)]
  0x00007f9e86009800 JavaThread "Reference Handler" daemon [_thread_blocked, id=19203, stack(0x00007000076d8000,0x00007000077d8000)]

Other Threads:
  0x00007f9e7580b000 VMThread [stack: 0x00007000075d5000,0x00007000076d5000] [id=19459]
  0x00007f9e8581d000 WatcherThread [stack: 0x0000700007ff3000,0x00007000080f3000] [id=43267]

VM state:not at safepoint (normal execution)

VM Mutex/Monitor currently owned by a thread: None

Heap:
 PSYoungGen      total 109568K, used 20091K [0x00000007aab00000, 0x00000007b2380000, 0x00000007c0000000)
  eden space 100864K, 19% used [0x00000007aab00000,0x00000007abe9ee40,0x00000007b0d80000)
  from space 8704K, 0% used [0x00000007b0e00000,0x00000007b0e00000,0x00000007b1680000)
  to   space 11264K, 0% used [0x00000007b1880000,0x00000007b1880000,0x00000007b2380000)
 ParOldGen       total 699392K, used 189348K [0x0000000780000000, 0x00000007aab00000, 0x00000007aab00000)
  object space 699392K, 27% used [0x0000000780000000,0x000000078b8e92f0,0x00000007aab00000)
 Metaspace       used 153507K, capacity 169264K, committed 195736K, reserved 1218560K
  class space    used 19157K, capacity 23159K, committed 27568K, reserved 1048576K

Card table byte_map: [0x0000000103574000,0x0000000103775000] byte_map_base: 0x00000000ff974000

Marking Bits: (ParMarkBitMap*) 0x0000000102af9cd0
 Begin Bits: [0x00000001038cb000, 0x00000001048cb000)
 End Bits:   [0x00000001048cb000, 0x00000001058cb000)

Polling page: 0x0000000100910000

CodeCache: size=245760Kb used=107612Kb max_used=107641Kb free=138147Kb
 bounds [0x000000010cb5a000, 0x000000011352a000, 0x000000011bb5a000]
 total_blobs=22726 nmethods=21738 adapters=900
 compilation: enabled

Compilation events (10 events):
Event: 261282.581 Thread 0x00007f9e5600e800 29784       4       java.util.concurrent.ScheduledThreadPoolExecutor$DelayedWorkQueue::siftUp (66 bytes)
Event: 261282.581 Thread 0x00007f9e86094800 29785       4       java.util.concurrent.ScheduledThreadPoolExecutor$DelayedWorkQueue::siftDown (121 bytes)
Event: 261282.585 Thread 0x00007f9e5600e800 nmethod 29784 0x000000010dca0010 code [0x000000010dca0180, 0x000000010dca0438]
Event: 261282.588 Thread 0x00007f9e86094800 nmethod 29785 0x0000000112934750 code [0x0000000112934900, 0x0000000112934eb8]
Event: 261531.689 Thread 0x00007f9e76041000 29786       3       sun.nio.fs.AbstractPath::toFile (12 bytes)
Event: 261531.690 Thread 0x00007f9e76041000 nmethod 29786 0x000000010f5492d0 code [0x000000010f549460, 0x000000010f549718]
Event: 262230.319 Thread 0x00007f9e76041000 29787       3       java.util.WeakHashMap$HashIterator::hasNext (95 bytes)
Event: 262230.319 Thread 0x00007f9e76041000 nmethod 29787 0x000000010d482f50 code [0x000000010d4830e0, 0x000000010d4835b0]
Event: 262230.363 Thread 0x00007f9e76041000 29788  s    3       java.util.Vector::removeElementAt (115 bytes)
Event: 262230.363 Thread 0x00007f9e76041000 nmethod 29788 0x000000010dbe7010 code [0x000000010dbe7240, 0x000000010dbe8068]

GC Heap History (10 events):
Event: 261628.392 GC heap before
{Heap before GC invocations=1040 (full 5):
 PSYoungGen      total 113664K, used 111098K [0x00000007aab00000, 0x00000007b2600000, 0x00000007c0000000)
  eden space 102400K, 100% used [0x00000007aab00000,0x00000007b0f00000,0x00000007b0f00000)
  from space 11264K, 77% used [0x00000007b1b00000,0x00000007b237e908,0x00000007b2600000)
  to   space 11776K, 0% used [0x00000007b0f00000,0x00000007b0f00000,0x00000007b1a80000)
 ParOldGen       total 699392K, used 696700K [0x0000000780000000, 0x00000007aab00000, 0x00000007aab00000)
  object space 699392K, 99% used [0x0000000780000000,0x00000007aa85f010,0x00000007aab00000)
 Metaspace       used 175688K, capacity 195564K, committed 195736K, reserved 1218560K
  class space    used 22374K, capacity 27562K, committed 27568K, reserved 1048576K
Event: 261628.398 GC heap after
Heap after GC invocations=1040 (full 5):
 PSYoungGen      total 111104K, used 8794K [0x00000007aab00000, 0x00000007b2580000, 0x00000007c0000000)
  eden space 101888K, 0% used [0x00000007aab00000,0x00000007aab00000,0x00000007b0e80000)
  from space 9216K, 95% used [0x00000007b0f00000,0x00000007b1796940,0x00000007b1800000)
  to   space 11776K, 0% used [0x00000007b1a00000,0x00000007b1a00000,0x00000007b2580000)
 ParOldGen       total 699392K, used 697324K [0x0000000780000000, 0x00000007aab00000, 0x00000007aab00000)
  object space 699392K, 99% used [0x0000000780000000,0x00000007aa8fb010,0x00000007aab00000)
 Metaspace       used 175688K, capacity 195564K, committed 195736K, reserved 1218560K
  class space    used 22374K, capacity 27562K, committed 27568K, reserved 1048576K
}
Event: 261820.964 GC heap before
{Heap before GC invocations=1041 (full 5):
 PSYoungGen      total 111104K, used 110682K [0x00000007aab00000, 0x00000007b2580000, 0x00000007c0000000)
  eden space 101888K, 100% used [0x00000007aab00000,0x00000007b0e80000,0x00000007b0e80000)
  from space 9216K, 95% used [0x00000007b0f00000,0x00000007b1796940,0x00000007b1800000)
  to   space 11776K, 0% used [0x00000007b1a00000,0x00000007b1a00000,0x00000007b2580000)
 ParOldGen       total 699392K, used 697324K [0x0000000780000000, 0x00000007aab00000, 0x00000007aab00000)
  object space 699392K, 99% used [0x0000000780000000,0x00000007aa8fb010,0x00000007aab00000)
 Metaspace       used 175688K, capacity 195564K, committed 195736K, reserved 1218560K
  class space    used 22374K, capacity 27562K, committed 27568K, reserved 1048576K
Event: 261820.972 GC heap after
Heap after GC invocations=1041 (full 5):
 PSYoungGen      total 112640K, used 8730K [0x00000007aab00000, 0x00000007b2500000, 0x00000007c0000000)
  eden space 101376K, 0% used [0x00000007aab00000,0x00000007aab00000,0x00000007b0e00000)
  from space 11264K, 77% used [0x00000007b1a00000,0x00000007b2286958,0x00000007b2500000)
  to   space 11776K, 0% used [0x00000007b0e00000,0x00000007b0e00000,0x00000007b1980000)
 ParOldGen       total 699392K, used 697820K [0x0000000780000000, 0x00000007aab00000, 0x00000007aab00000)
  object space 699392K, 99% used [0x0000000780000000,0x00000007aa977010,0x00000007aab00000)
 Metaspace       used 175688K, capacity 195564K, committed 195736K, reserved 1218560K
  class space    used 22374K, capacity 27562K, committed 27568K, reserved 1048576K
}
Event: 262038.389 GC heap before
{Heap before GC invocations=1042 (full 5):
 PSYoungGen      total 112640K, used 110106K [0x00000007aab00000, 0x00000007b2500000, 0x00000007c0000000)
  eden space 101376K, 100% used [0x00000007aab00000,0x00000007b0e00000,0x00000007b0e00000)
  from space 11264K, 77% used [0x00000007b1a00000,0x00000007b2286958,0x00000007b2500000)
  to   space 11776K, 0% used [0x00000007b0e00000,0x00000007b0e00000,0x00000007b1980000)
 ParOldGen       total 699392K, used 697820K [0x0000000780000000, 0x00000007aab00000, 0x00000007aab00000)
  object space 699392K, 99% used [0x0000000780000000,0x00000007aa977010,0x00000007aab00000)
 Metaspace       used 175688K, capacity 195564K, committed 195736K, reserved 1218560K
  class space    used 22374K, capacity 27562K, committed 27568K, reserved 1048576K
Event: 262038.397 GC heap after
Heap after GC invocations=1042 (full 5):
 PSYoungGen      total 109568K, used 8570K [0x00000007aab00000, 0x00000007b2380000, 0x00000007c0000000)
  eden space 100864K, 0% used [0x00000007aab00000,0x00000007aab00000,0x00000007b0d80000)
  from space 8704K, 98% used [0x00000007b0e00000,0x00000007b165e980,0x00000007b1680000)
  to   space 11264K, 0% used [0x00000007b1880000,0x00000007b1880000,0x00000007b2380000)
 ParOldGen       total 699392K, used 698484K [0x0000000780000000, 0x00000007aab00000, 0x00000007aab00000)
  object space 699392K, 99% used [0x0000000780000000,0x00000007aaa1d010,0x00000007aab00000)
 Metaspace       used 175688K, capacity 195564K, committed 195736K, reserved 1218560K
  class space    used 22374K, capacity 27562K, committed 27568K, reserved 1048576K
}
Event: 262228.406 GC heap before
{Heap before GC invocations=1043 (full 5):
 PSYoungGen      total 109568K, used 109428K [0x00000007aab00000, 0x00000007b2380000, 0x00000007c0000000)
  eden space 100864K, 99% used [0x00000007aab00000,0x00000007b0d7e790,0x00000007b0d80000)
  from space 8704K, 98% used [0x00000007b0e00000,0x00000007b165e980,0x00000007b1680000)
  to   space 11264K, 0% used [0x00000007b1880000,0x00000007b1880000,0x00000007b2380000)
 ParOldGen       total 699392K, used 698484K [0x0000000780000000, 0x00000007aab00000, 0x00000007aab00000)
  object space 699392K, 99% used [0x0000000780000000,0x00000007aaa1d010,0x00000007aab00000)
 Metaspace       used 175688K, capacity 195564K, committed 195736K, reserved 1218560K
  class space    used 22374K, capacity 27562K, committed 27568K, reserved 1048576K
Event: 262228.428 GC heap after
Heap after GC invocations=1043 (full 5):
 PSYoungGen      total 109568K, used 109428K [0x00000007aab00000, 0x00000007b2380000, 0x00000007c0000000)
  eden space 100864K, 99% used [0x00000007aab00000,0x00000007b0d7e790,0x00000007b0d80000)
  from space 8704K, 98% used [0x00000007b0e00000,0x00000007b165e980,0x00000007b1680000)
  to   space 11264K, 74% used [0x00000007b1880000,0x00000007b20a6980,0x00000007b2380000)
 ParOldGen       total 699392K, used 699388K [0x0000000780000000, 0x00000007aab00000, 0x00000007aab00000)
  object space 699392K, 99% used [0x0000000780000000,0x00000007aaaff290,0x00000007aab00000)
 Metaspace       used 175688K, capacity 195564K, committed 195736K, reserved 1218560K
  class space    used 22374K, capacity 27562K, committed 27568K, reserved 1048576K
}
Event: 262228.428 GC heap before
{Heap before GC invocations=1044 (full 6):
 PSYoungGen      total 109568K, used 109428K [0x00000007aab00000, 0x00000007b2380000, 0x00000007c0000000)
  eden space 100864K, 99% used [0x00000007aab00000,0x00000007b0d7e790,0x00000007b0d80000)
  from space 8704K, 98% used [0x00000007b0e00000,0x00000007b165e980,0x00000007b1680000)
  to   space 11264K, 74% used [0x00000007b1880000,0x00000007b20a6980,0x00000007b2380000)
 ParOldGen       total 699392K, used 699388K [0x0000000780000000, 0x00000007aab00000, 0x00000007aab00000)
  object space 699392K, 99% used [0x0000000780000000,0x00000007aaaff290,0x00000007aab00000)
 Metaspace       used 175688K, capacity 195564K, committed 195736K, reserved 1218560K
  class space    used 22374K, capacity 27562K, committed 27568K, reserved 1048576K
Event: 262230.316 GC heap after
Heap after GC invocations=1044 (full 6):
 PSYoungGen      total 109568K, used 0K [0x00000007aab00000, 0x00000007b2380000, 0x00000007c0000000)
  eden space 100864K, 0% used [0x00000007aab00000,0x00000007aab00000,0x00000007b0d80000)
  from space 8704K, 0% used [0x00000007b0e00000,0x00000007b0e00000,0x00000007b1680000)
  to   space 11264K, 0% used [0x00000007b1880000,0x00000007b1880000,0x00000007b2380000)
 ParOldGen       total 699392K, used 189348K [0x0000000780000000, 0x00000007aab00000, 0x00000007aab00000)
  object space 699392K, 27% used [0x0000000780000000,0x000000078b8e92f0,0x00000007aab00000)
 Metaspace       used 153507K, capacity 169264K, committed 195736K, reserved 1218560K
  class space    used 19157K, capacity 23159K, committed 27568K, reserved 1048576K
}

Deoptimization events (10 events):
Event: 180682.327 Thread 0x00007f9e75ed0800 Uncommon trap: reason=unstable_if action=reinterpret pc=0x000000011259c5dc method=java.text.DigitList.shouldRoundUp(IZZ)Z @ 283
Event: 180682.327 Thread 0x00007f9e75ed0800 Uncommon trap: reason=unstable_if action=reinterpret pc=0x000000010d98d5f4 method=java.text.DigitList.round(IZZ)V @ 26
Event: 222452.950 Thread 0x00007f9e5677e000 Uncommon trap: reason=unstable_if action=reinterpret pc=0x000000011272bf60 method=java.lang.Double.isNaN(D)Z @ 3
Event: 244729.836 Thread 0x00007f9df71d7800 Uncommon trap: reason=array_check action=maybe_recompile pc=0x000000010e4ee4d8 method=org.hibernate.engine.internal.EntityEntryContext.reentrantSafeEntityEntries()[Ljava/util/Map$Entry; @ 57
Event: 244729.841 Thread 0x00007f9df71d7800 Uncommon trap: reason=array_check action=maybe_recompile pc=0x000000010e4ee4d8 method=org.hibernate.engine.internal.EntityEntryContext.reentrantSafeEntityEntries()[Ljava/util/Map$Entry; @ 57
Event: 244729.881 Thread 0x00007f9df71d7800 Uncommon trap: reason=array_check action=maybe_recompile pc=0x000000010e4ee4d8 method=org.hibernate.engine.internal.EntityEntryContext.reentrantSafeEntityEntries()[Ljava/util/Map$Entry; @ 57
Event: 244729.886 Thread 0x00007f9df71d7800 Uncommon trap: reason=array_check action=maybe_recompile pc=0x000000010e4ee4d8 method=org.hibernate.engine.internal.EntityEntryContext.reentrantSafeEntityEntries()[Ljava/util/Map$Entry; @ 57
Event: 262230.317 Thread 0x00007f9de5898000 Uncommon trap: reason=unstable_if action=reinterpret pc=0x000000011005f0a4 method=java.util.WeakHashMap$HashIterator.hasNext()Z @ 76
Event: 262230.318 Thread 0x00007f9de5898000 Uncommon trap: reason=unstable_if action=reinterpret pc=0x000000010e0a6f74 method=java.util.WeakHashMap$HashIterator.hasNext()Z @ 76
Event: 262230.362 Thread 0x00007f9e7593b000 Uncommon trap: reason=unstable_if action=reinterpret pc=0x000000010cef59a8 method=java.util.Vector.removeElementAt(I)V @ 75

Classes redefined (0 events):
No events

Internal exceptions (10 events):
Event: 261996.937 Thread 0x00007f9e764b1000 Exception <a 'java/io/SyncFailedException': sync failed> (0x00000007b07b4268) thrown at [/Users/java_re/workspace/8-2-build-macosx-x86_64/jdk8u181/11358/hotspot/src/share/vm/prims/jni.cpp, line 735]
Event: 262048.397 Thread 0x00007f9e75ed0800 Exception <a 'java/io/SyncFailedException': sync failed> (0x00000007aad5a2e0) thrown at [/Users/java_re/workspace/8-2-build-macosx-x86_64/jdk8u181/11358/hotspot/src/share/vm/prims/jni.cpp, line 735]
Event: 262056.941 Thread 0x00007f9e764b1000 Exception <a 'java/io/SyncFailedException': sync failed> (0x00000007ac428da0) thrown at [/Users/java_re/workspace/8-2-build-macosx-x86_64/jdk8u181/11358/hotspot/src/share/vm/prims/jni.cpp, line 735]
Event: 262108.397 Thread 0x00007f9e75ed0800 Exception <a 'java/io/SyncFailedException': sync failed> (0x00000007acc1ab60) thrown at [/Users/java_re/workspace/8-2-build-macosx-x86_64/jdk8u181/11358/hotspot/src/share/vm/prims/jni.cpp, line 735]
Event: 262116.946 Thread 0x00007f9e764b1000 Exception <a 'java/io/SyncFailedException': sync failed> (0x00000007ae364e28) thrown at [/Users/java_re/workspace/8-2-build-macosx-x86_64/jdk8u181/11358/hotspot/src/share/vm/prims/jni.cpp, line 735]
Event: 262139.721 Thread 0x00007f9e564ba800 Exception <a 'java/io/IOException'> (0x00000007ae701588) thrown at [/Users/java_re/workspace/8-2-build-macosx-x86_64/jdk8u181/11358/hotspot/src/share/vm/prims/jni.cpp, line 709]
Event: 262139.729 Thread 0x00007f9e564ba800 Exception <a 'java/io/IOException'> (0x00000007ae70e8d0) thrown at [/Users/java_re/workspace/8-2-build-macosx-x86_64/jdk8u181/11358/hotspot/src/share/vm/prims/jni.cpp, line 709]
Event: 262168.402 Thread 0x00007f9e75ed0800 Exception <a 'java/io/SyncFailedException': sync failed> (0x00000007aec0a590) thrown at [/Users/java_re/workspace/8-2-build-macosx-x86_64/jdk8u181/11358/hotspot/src/share/vm/prims/jni.cpp, line 735]
Event: 262176.949 Thread 0x00007f9e764b1000 Exception <a 'java/io/SyncFailedException': sync failed> (0x00000007b02dabc8) thrown at [/Users/java_re/workspace/8-2-build-macosx-x86_64/jdk8u181/11358/hotspot/src/share/vm/prims/jni.cpp, line 735]
Event: 262228.404 Thread 0x00007f9e75ed0800 Exception <a 'java/io/SyncFailedException': sync failed> (0x00000007b0acb470) thrown at [/Users/java_re/workspace/8-2-build-macosx-x86_64/jdk8u181/11358/hotspot/src/share/vm/prims/jni.cpp, line 735]

Events (10 events):
Event: 262230.325 Executing VM operation: BulkRevokeBias
Event: 262230.326 Executing VM operation: BulkRevokeBias done
Event: 262230.326 Executing VM operation: RevokeBias
Event: 262230.326 Executing VM operation: RevokeBias done
Event: 262230.362 Thread 0x00007f9e7593b000 Uncommon trap: trap_request=0xffffff65 fr.pc=0x000000010cef59a8
Event: 262230.362 Executing VM operation: RevokeBias
Event: 262230.362 Executing VM operation: RevokeBias done
Event: 262230.362 Thread 0x00007f9e7593b000 DEOPT PACKING pc=0x000000010cef59a8 sp=0x0000700008816740
Event: 262230.362 Thread 0x00007f9e7593b000 DEOPT UNPACKING pc=0x000000010cb9f73a sp=0x0000700008816700 mode 2
Event: 262230.365 Thread 0x00007f9e76041000 flushing nmethod 0x000000010edd17d0


Dynamic libraries:
0x00007fff43a64000 	/System/Library/Frameworks/Cocoa.framework/Versions/A/Cocoa
0x00007fff4f77c000 	/System/Library/Frameworks/Security.framework/Versions/A/Security
0x00007fff426f9000 	/System/Library/Frameworks/ApplicationServices.framework/Versions/A/ApplicationServices
0x00007fff6f842000 	/usr/lib/libz.1.dylib
0x00007fff6d19c000 	/usr/lib/libSystem.B.dylib
0x00007fff6e9d3000 	/usr/lib/libobjc.A.dylib
0x00007fff4424c000 	/System/Library/Frameworks/CoreFoundation.framework/Versions/A/CoreFoundation
0x00007fff464ce000 	/System/Library/Frameworks/Foundation.framework/Versions/C/Foundation
0x00007fff418f2000 	/System/Library/Frameworks/AppKit.framework/Versions/C/AppKit
0x00007fff43ddf000 	/System/Library/Frameworks/CoreData.framework/Versions/A/CoreData
0x00007fff66c6f000 	/System/Library/PrivateFrameworks/RemoteViewServices.framework/Versions/A/RemoteViewServices
0x00007fff6aedc000 	/System/Library/PrivateFrameworks/UIFoundation.framework/Versions/A/UIFoundation
0x00007fff6c5be000 	/System/Library/PrivateFrameworks/XCTTargetBootstrap.framework/Versions/A/XCTTargetBootstrap
0x00007fff44164000 	/System/Library/Frameworks/CoreDisplay.framework/Versions/A/CoreDisplay
0x00007fff619c2000 	/System/Library/PrivateFrameworks/IconServices.framework/Versions/A/IconServices
0x00007fff48df2000 	/System/Library/Frameworks/Metal.framework/Versions/A/Metal
0x00007fff58f3d000 	/System/Library/PrivateFrameworks/DesktopServicesPriv.framework/Versions/A/DesktopServicesPriv
0x00007fff6dd36000 	/usr/lib/libenergytrace.dylib
0x00007fff693c5000 	/System/Library/PrivateFrameworks/SkyLight.framework/Versions/A/SkyLight
0x00007fff44692000 	/System/Library/Frameworks/CoreGraphics.framework/Versions/A/CoreGraphics
0x00007fff406be000 	/System/Library/Frameworks/Accelerate.framework/Versions/A/Accelerate
0x00007fff46c16000 	/System/Library/Frameworks/IOSurface.framework/Versions/A/IOSurface
0x00007fff58da9000 	/System/Library/PrivateFrameworks/DFRFoundation.framework/Versions/A/DFRFoundation
0x00007fff42bdc000 	/System/Library/Frameworks/AudioToolbox.framework/Versions/A/AudioToolbox
0x00007fff42e55000 	/System/Library/Frameworks/AudioUnit.framework/Versions/A/AudioUnit
0x00007fff58e3e000 	/System/Library/PrivateFrameworks/DataDetectorsCore.framework/Versions/A/DataDetectorsCore
0x00007fff43568000 	/System/Library/Frameworks/Carbon.framework/Versions/A/Frameworks/HIToolbox.framework/Versions/A/HIToolbox
0x00007fff6de8f000 	/usr/lib/libicucore.A.dylib
0x00007fff4ecf1000 	/System/Library/Frameworks/QuartzCore.framework/Versions/A/QuartzCore
0x00007fff4393c000 	/System/Library/Frameworks/Carbon.framework/Versions/A/Frameworks/SpeechRecognition.framework/Versions/A/SpeechRecognition
0x00007fff6d2f0000 	/usr/lib/libauto.dylib
0x00007fff6f736000 	/usr/lib/libxml2.2.dylib
0x00007fff58986000 	/System/Library/PrivateFrameworks/CoreUI.framework/Versions/A/CoreUI
0x00007fff43cca000 	/System/Library/Frameworks/CoreAudio.framework/Versions/A/CoreAudio
0x00007fff46303000 	/System/Library/Frameworks/DiskArbitration.framework/Versions/A/DiskArbitration
0x00007fff6e13d000 	/usr/lib/liblangid.dylib
0x00007fff62dd0000 	/System/Library/PrivateFrameworks/MultitouchSupport.framework/Versions/A/MultitouchSupport
0x00007fff46b85000 	/System/Library/Frameworks/IOKit.framework/Versions/A/IOKit
0x00007fff6cd5d000 	/usr/lib/libDiagnosticMessagesClient.dylib
0x00007fff454a1000 	/System/Library/Frameworks/CoreServices.framework/Versions/A/CoreServices
0x00007fff64a77000 	/System/Library/PrivateFrameworks/PerformanceAnalysis.framework/Versions/A/PerformanceAnalysis
0x00007fff4dedf000 	/System/Library/Frameworks/OpenGL.framework/Versions/A/OpenGL
0x00007fff43a72000 	/System/Library/Frameworks/ColorSync.framework/Versions/A/ColorSync
0x00007fff44d23000 	/System/Library/Frameworks/CoreImage.framework/Versions/A/CoreImage
0x00007fff45e7a000 	/System/Library/Frameworks/CoreText.framework/Versions/A/CoreText
0x00007fff46c79000 	/System/Library/Frameworks/ImageIO.framework/Versions/A/ImageIO
0x00007fff54fdb000 	/System/Library/PrivateFrameworks/Backup.framework/Versions/A/Backup
0x00007fff6d243000 	/usr/lib/libarchive.2.dylib
0x00007fff431ad000 	/System/Library/Frameworks/CFNetwork.framework/Versions/A/CFNetwork
0x00007fff4fed6000 	/System/Library/Frameworks/SystemConfiguration.framework/Versions/A/SystemConfiguration
0x00007fff6cc8e000 	/usr/lib/libCRFSuite.dylib
0x00007fff6d3df000 	/usr/lib/libc++.1.dylib
0x00007fff6d433000 	/usr/lib/libc++abi.dylib
0x00007fff70038000 	/usr/lib/system/libcache.dylib
0x00007fff7003d000 	/usr/lib/system/libcommonCrypto.dylib
0x00007fff70048000 	/usr/lib/system/libcompiler_rt.dylib
0x00007fff70050000 	/usr/lib/system/libcopyfile.dylib
0x00007fff7005a000 	/usr/lib/system/libcorecrypto.dylib
0x00007fff70165000 	/usr/lib/system/libdispatch.dylib
0x00007fff7019f000 	/usr/lib/system/libdyld.dylib
0x00007fff701cc000 	/usr/lib/system/libkeymgr.dylib
0x00007fff701da000 	/usr/lib/system/liblaunch.dylib
0x00007fff701db000 	/usr/lib/system/libmacho.dylib
0x00007fff701e1000 	/usr/lib/system/libquarantine.dylib
0x00007fff701e4000 	/usr/lib/system/libremovefile.dylib
0x00007fff701e6000 	/usr/lib/system/libsystem_asl.dylib
0x00007fff701fe000 	/usr/lib/system/libsystem_blocks.dylib
0x00007fff701ff000 	/usr/lib/system/libsystem_c.dylib
0x00007fff70287000 	/usr/lib/system/libsystem_configuration.dylib
0x00007fff7028b000 	/usr/lib/system/libsystem_coreservices.dylib
0x00007fff7028f000 	/usr/lib/system/libsystem_darwin.dylib
0x00007fff70296000 	/usr/lib/system/libsystem_dnssd.dylib
0x00007fff7029d000 	/usr/lib/system/libsystem_info.dylib
0x00007fff70312000 	/usr/lib/system/libsystem_m.dylib
0x00007fff7035e000 	/usr/lib/system/libsystem_malloc.dylib
0x00007fff70389000 	/usr/lib/system/libsystem_networkextension.dylib
0x00007fff70394000 	/usr/lib/system/libsystem_notify.dylib
0x00007fff703b1000 	/usr/lib/system/libsystem_sandbox.dylib
0x00007fff703b5000 	/usr/lib/system/libsystem_secinit.dylib
0x00007fff702e9000 	/usr/lib/system/libsystem_kernel.dylib
0x00007fff7039c000 	/usr/lib/system/libsystem_platform.dylib
0x00007fff703a6000 	/usr/lib/system/libsystem_pthread.dylib
0x00007fff703b8000 	/usr/lib/system/libsystem_symptoms.dylib
0x00007fff703c0000 	/usr/lib/system/libsystem_trace.dylib
0x00007fff703d7000 	/usr/lib/system/libunwind.dylib
0x00007fff703dd000 	/usr/lib/system/libxpc.dylib
0x00007fff6d3c0000 	/usr/lib/libbsm.0.dylib
0x00007fff701cd000 	/usr/lib/system/libkxld.dylib
0x00007fff543cc000 	/System/Library/PrivateFrameworks/AppleFSCompression.framework/Versions/A/AppleFSCompression
0x00007fff6d05c000 	/usr/lib/libOpenScriptingUtil.dylib
0x00007fff6d6e8000 	/usr/lib/libcoretls.dylib
0x00007fff6d6ff000 	/usr/lib/libcoretls_cfhelpers.dylib
0x00007fff6f16a000 	/usr/lib/libpam.2.dylib
0x00007fff6f32a000 	/usr/lib/libsqlite3.dylib
0x00007fff6f724000 	/usr/lib/libxar.1.dylib
0x00007fff6d3d1000 	/usr/lib/libbz2.1.0.dylib
0x00007fff6e13f000 	/usr/lib/liblzma.5.dylib
0x00007fff6e5f0000 	/usr/lib/libnetwork.dylib
0x00007fff6d22c000 	/usr/lib/libapple_nghttp2.dylib
0x00007fff6f171000 	/usr/lib/libpcap.A.dylib
0x00007fff45840000 	/System/Library/Frameworks/CoreServices.framework/Versions/A/Frameworks/FSEvents.framework/Versions/A/FSEvents
0x00007fff4551f000 	/System/Library/Frameworks/CoreServices.framework/Versions/A/Frameworks/CarbonCore.framework/Versions/A/CarbonCore
0x00007fff459fc000 	/System/Library/Frameworks/CoreServices.framework/Versions/A/Frameworks/Metadata.framework/Versions/A/Metadata
0x00007fff45a9b000 	/System/Library/Frameworks/CoreServices.framework/Versions/A/Frameworks/OSServices.framework/Versions/A/OSServices
0x00007fff45ae6000 	/System/Library/Frameworks/CoreServices.framework/Versions/A/Frameworks/SearchKit.framework/Versions/A/SearchKit
0x00007fff454a2000 	/System/Library/Frameworks/CoreServices.framework/Versions/A/Frameworks/AE.framework/Versions/A/AE
0x00007fff45849000 	/System/Library/Frameworks/CoreServices.framework/Versions/A/Frameworks/LaunchServices.framework/Versions/A/LaunchServices
0x00007fff457f7000 	/System/Library/Frameworks/CoreServices.framework/Versions/A/Frameworks/DictionaryServices.framework/Versions/A/DictionaryServices
0x00007fff45b4e000 	/System/Library/Frameworks/CoreServices.framework/Versions/A/Frameworks/SharedFileList.framework/Versions/A/SharedFileList
0x00007fff49eba000 	/System/Library/Frameworks/NetFS.framework/Versions/A/NetFS
0x00007fff63036000 	/System/Library/PrivateFrameworks/NetAuth.framework/Versions/A/NetAuth
0x00007fff6c9c2000 	/System/Library/PrivateFrameworks/login.framework/Versions/A/Frameworks/loginsupport.framework/Versions/A/loginsupport
0x00007fff6aae5000 	/System/Library/PrivateFrameworks/TCC.framework/Versions/A/TCC
0x00007fff57fe3000 	/System/Library/PrivateFrameworks/CoreNLP.framework/Versions/A/CoreNLP
0x00007fff62ac9000 	/System/Library/PrivateFrameworks/MetadataUtilities.framework/Versions/A/MetadataUtilities
0x00007fff6e214000 	/usr/lib/libmecabra.dylib
0x00007fff426fa000 	/System/Library/Frameworks/ApplicationServices.framework/Versions/A/Frameworks/ATS.framework/Versions/A/ATS
0x00007fff42a49000 	/System/Library/Frameworks/ApplicationServices.framework/Versions/A/Frameworks/ColorSyncLegacy.framework/Versions/A/ColorSyncLegacy
0x00007fff42ae8000 	/System/Library/Frameworks/ApplicationServices.framework/Versions/A/Frameworks/HIServices.framework/Versions/A/HIServices
0x00007fff42b3b000 	/System/Library/Frameworks/ApplicationServices.framework/Versions/A/Frameworks/LangAnalysis.framework/Versions/A/LangAnalysis
0x00007fff42b4b000 	/System/Library/Frameworks/ApplicationServices.framework/Versions/A/Frameworks/PrintCore.framework/Versions/A/PrintCore
0x00007fff42b95000 	/System/Library/Frameworks/ApplicationServices.framework/Versions/A/Frameworks/QD.framework/Versions/A/QD
0x00007fff42bcf000 	/System/Library/Frameworks/ApplicationServices.framework/Versions/A/Frameworks/SpeechSynthesis.framework/Versions/A/SpeechSynthesis
0x00007fff6d45b000 	/usr/lib/libcompression.dylib
0x00007fff490c2000 	/System/Library/Frameworks/MetalPerformanceShaders.framework/Versions/A/MetalPerformanceShaders
0x00007fff406d6000 	/System/Library/Frameworks/Accelerate.framework/Versions/A/Frameworks/vImage.framework/Versions/A/vImage
0x00007fff41750000 	/System/Library/Frameworks/Accelerate.framework/Versions/A/Frameworks/vecLib.framework/Versions/A/vecLib
0x00007fff4169c000 	/System/Library/Frameworks/Accelerate.framework/Versions/A/Frameworks/vecLib.framework/Versions/A/libvMisc.dylib
0x00007fff414b4000 	/System/Library/Frameworks/Accelerate.framework/Versions/A/Frameworks/vecLib.framework/Versions/A/libvDSP.dylib
0x00007fff40d70000 	/System/Library/Frameworks/Accelerate.framework/Versions/A/Frameworks/vecLib.framework/Versions/A/libBLAS.dylib
0x00007fff4105d000 	/System/Library/Frameworks/Accelerate.framework/Versions/A/Frameworks/vecLib.framework/Versions/A/libLAPACK.dylib
0x00007fff41407000 	/System/Library/Frameworks/Accelerate.framework/Versions/A/Frameworks/vecLib.framework/Versions/A/libLinearAlgebra.dylib
0x00007fff414a0000 	/System/Library/Frameworks/Accelerate.framework/Versions/A/Frameworks/vecLib.framework/Versions/A/libSparseBLAS.dylib
0x00007fff4141d000 	/System/Library/Frameworks/Accelerate.framework/Versions/A/Frameworks/vecLib.framework/Versions/A/libQuadrature.dylib
0x00007fff40fea000 	/System/Library/Frameworks/Accelerate.framework/Versions/A/Frameworks/vecLib.framework/Versions/A/libBNNS.dylib
0x00007fff41423000 	/System/Library/Frameworks/Accelerate.framework/Versions/A/Frameworks/vecLib.framework/Versions/A/libSparse.dylib
0x00007fff5f325000 	/System/Library/PrivateFrameworks/GPUWrangler.framework/Versions/A/GPUWrangler
0x00007fff615f7000 	/System/Library/PrivateFrameworks/IOAccelerator.framework/Versions/A/IOAccelerator
0x00007fff61602000 	/System/Library/PrivateFrameworks/IOPresentment.framework/Versions/A/IOPresentment
0x00007fff58db9000 	/System/Library/PrivateFrameworks/DSExternalDisplay.framework/Versions/A/DSExternalDisplay
0x00007fff4d336000 	/System/Library/Frameworks/OpenGL.framework/Versions/A/Libraries/libCoreFSCache.dylib
0x00007fff48eb6000 	/System/Library/Frameworks/MetalPerformanceShaders.framework/Frameworks/MPSCore.framework/Versions/A/MPSCore
0x00007fff48ed6000 	/System/Library/Frameworks/MetalPerformanceShaders.framework/Frameworks/MPSImage.framework/Versions/A/MPSImage
0x00007fff48f7b000 	/System/Library/Frameworks/MetalPerformanceShaders.framework/Frameworks/MPSNeuralNetwork.framework/Versions/A/MPSNeuralNetwork
0x00007fff48f53000 	/System/Library/Frameworks/MetalPerformanceShaders.framework/Frameworks/MPSMatrix.framework/Versions/A/MPSMatrix
0x00007fff490a7000 	/System/Library/Frameworks/MetalPerformanceShaders.framework/Frameworks/MPSRayIntersector.framework/Versions/A/MPSRayIntersector
0x00007fff62af2000 	/System/Library/PrivateFrameworks/MetalTools.framework/Versions/A/MetalTools
0x00007fff53c79000 	/System/Library/PrivateFrameworks/AggregateDictionary.framework/Versions/A/AggregateDictionary
0x00007fff6d03d000 	/usr/lib/libMobileGestalt.dylib
0x00007fff45fdd000 	/System/Library/Frameworks/CoreVideo.framework/Versions/A/CoreVideo
0x00007fff60135000 	/System/Library/PrivateFrameworks/GraphVisualizer.framework/Versions/A/GraphVisualizer
0x00007fff59fb5000 	/System/Library/PrivateFrameworks/FaceCore.framework/Versions/A/FaceCore
0x00007fff4c964000 	/System/Library/Frameworks/OpenCL.framework/Versions/A/OpenCL
0x00007fff6cd95000 	/usr/lib/libFosl_dynamic.dylib
0x00007fff638a1000 	/System/Library/PrivateFrameworks/OTSVG.framework/Versions/A/OTSVG
0x00007fff427fe000 	/System/Library/Frameworks/ApplicationServices.framework/Versions/A/Frameworks/ATS.framework/Versions/A/Resources/libFontParser.dylib
0x00007fff42916000 	/System/Library/Frameworks/ApplicationServices.framework/Versions/A/Frameworks/ATS.framework/Versions/A/Resources/libFontRegistry.dylib
0x00007fff46ee7000 	/System/Library/Frameworks/ImageIO.framework/Versions/A/Resources/libJPEG.dylib
0x00007fff471f9000 	/System/Library/Frameworks/ImageIO.framework/Versions/A/Resources/libTIFF.dylib
0x00007fff471cf000 	/System/Library/Frameworks/ImageIO.framework/Versions/A/Resources/libPng.dylib
0x00007fff46e05000 	/System/Library/Frameworks/ImageIO.framework/Versions/A/Resources/libGIF.dylib
0x00007fff46e0a000 	/System/Library/Frameworks/ImageIO.framework/Versions/A/Resources/libJP2.dylib
0x00007fff471f6000 	/System/Library/Frameworks/ImageIO.framework/Versions/A/Resources/libRadiance.dylib
0x00007fff54523000 	/System/Library/PrivateFrameworks/AppleJPEG.framework/Versions/A/AppleJPEG
0x00007fff4d341000 	/System/Library/Frameworks/OpenGL.framework/Versions/A/Libraries/libGFXShared.dylib
0x00007fff4d504000 	/System/Library/Frameworks/OpenGL.framework/Versions/A/Libraries/libGLU.dylib
0x00007fff4d34a000 	/System/Library/Frameworks/OpenGL.framework/Versions/A/Libraries/libGL.dylib
0x00007fff4d356000 	/System/Library/Frameworks/OpenGL.framework/Versions/A/Libraries/libGLImage.dylib
0x00007fff4d333000 	/System/Library/Frameworks/OpenGL.framework/Versions/A/Libraries/libCVMSPluginSupport.dylib
0x00007fff4d33c000 	/System/Library/Frameworks/OpenGL.framework/Versions/A/Libraries/libCoreVMClient.dylib
0x00007fff6dbac000 	/usr/lib/libcups.2.dylib
0x00007fff483bd000 	/System/Library/Frameworks/Kerberos.framework/Versions/A/Kerberos
0x00007fff468ea000 	/System/Library/Frameworks/GSS.framework/Versions/A/GSS
0x00007fff6f2bf000 	/usr/lib/libresolv.9.dylib
0x00007fff6dd9e000 	/usr/lib/libiconv.2.dylib
0x00007fff60294000 	/System/Library/PrivateFrameworks/Heimdal.framework/Versions/A/Heimdal
0x00007fff6dd6e000 	/usr/lib/libheimdal-asn1.dylib
0x00007fff4c9d8000 	/System/Library/Frameworks/OpenDirectory.framework/Versions/A/OpenDirectory
0x00007fff56d48000 	/System/Library/PrivateFrameworks/CommonAuth.framework/Versions/A/CommonAuth
0x00007fff4c9bc000 	/System/Library/Frameworks/OpenDirectory.framework/Versions/A/Frameworks/CFOpenDirectory.framework/Versions/A/CFOpenDirectory
0x00007fff4fa7c000 	/System/Library/Frameworks/SecurityFoundation.framework/Versions/A/SecurityFoundation
0x00007fff531c2000 	/System/Library/PrivateFrameworks/APFS.framework/Versions/A/APFS
0x00007fff6f720000 	/usr/lib/libutil.dylib
0x00007fff6d449000 	/usr/lib/libcharset.1.dylib
0x00007fff547c0000 	/System/Library/PrivateFrameworks/AppleSauce.framework/Versions/A/AppleSauce
0x00007fff54941000 	/System/Library/PrivateFrameworks/AssertionServices.framework/Versions/A/AssertionServices
0x00007fff55071000 	/System/Library/PrivateFrameworks/BaseBoard.framework/Versions/A/BaseBoard
0x00007fff6e16f000 	/usr/lib/libmecab.1.0.0.dylib
0x00007fff6dd68000 	/usr/lib/libgermantok.dylib
0x00007fff6d219000 	/usr/lib/libThaiTokenizer.dylib
0x00007fff6ccc5000 	/usr/lib/libChineseTokenizer.dylib
0x00007fff61cb0000 	/System/Library/PrivateFrameworks/LanguageModeling.framework/Versions/A/LanguageModeling
0x00007fff57a29000 	/System/Library/PrivateFrameworks/CoreEmoji.framework/Versions/A/CoreEmoji
0x00007fff61d8c000 	/System/Library/PrivateFrameworks/Lexicon.framework/Versions/A/Lexicon
0x00007fff61dcf000 	/System/Library/PrivateFrameworks/LinguisticData.framework/Versions/A/LinguisticData
0x00007fff6d44a000 	/usr/lib/libcmph.dylib
0x00007fff4fb3a000 	/System/Library/Frameworks/ServiceManagement.framework/Versions/A/ServiceManagement
0x00007fff54fd2000 	/System/Library/PrivateFrameworks/BackgroundTaskManagement.framework/Versions/A/BackgroundTaskManagement
0x00007fff6f819000 	/usr/lib/libxslt.1.dylib
0x00007fff43869000 	/System/Library/Frameworks/Carbon.framework/Versions/A/Frameworks/Ink.framework/Versions/A/Ink
0x00007fff6ad57000 	/System/Library/PrivateFrameworks/TextureIO.framework/Versions/A/TextureIO
0x00007fff6d26d000 	/usr/lib/libate.dylib
0x00007fff58d08000 	/System/Library/PrivateFrameworks/CrashReporterSupport.framework/Versions/A/CrashReporterSupport
0x00007fff68496000 	/System/Library/PrivateFrameworks/Sharing.framework/Versions/A/Sharing
0x00007fff54d24000 	/System/Library/PrivateFrameworks/AuthKit.framework/Versions/A/AuthKit
0x00007fff54278000 	/System/Library/PrivateFrameworks/Apple80211.framework/Versions/A/Apple80211
0x00007fff58ab2000 	/System/Library/PrivateFrameworks/CoreUtils.framework/Versions/A/CoreUtils
0x00007fff4601d000 	/System/Library/Frameworks/CoreWLAN.framework/Versions/A/CoreWLAN
0x00007fff46a19000 	/System/Library/Frameworks/IOBluetooth.framework/Versions/A/IOBluetooth
0x00007fff66916000 	/System/Library/PrivateFrameworks/ProtocolBuffer.framework/Versions/A/ProtocolBuffer
0x00007fff62d2c000 	/System/Library/PrivateFrameworks/MobileKeyBag.framework/Versions/A/MobileKeyBag
0x00007fff582f6000 	/System/Library/PrivateFrameworks/CorePhoneNumbers.framework/Versions/A/CorePhoneNumbers
0x00007fff544d7000 	/System/Library/PrivateFrameworks/AppleIDAuthSupport.framework/Versions/A/AppleIDAuthSupport
0x00007fff61c83000 	/System/Library/PrivateFrameworks/KeychainCircle.framework/Versions/A/KeychainCircle
0x00007fff66acc000 	/System/Library/PrivateFrameworks/ROCKit.framework/Versions/A/ROCKit
0x00007fff58ca4000 	/System/Library/PrivateFrameworks/CoreWiFi.framework/Versions/A/CoreWiFi
0x00007fff43db4000 	/System/Library/Frameworks/CoreBluetooth.framework/Versions/A/CoreBluetooth
0x00007fff58eff000 	/System/Library/PrivateFrameworks/DebugSymbols.framework/Versions/A/DebugSymbols
0x00007fff58872000 	/System/Library/PrivateFrameworks/CoreSymbolication.framework/Versions/A/CoreSymbolication
0x00007fff6a572000 	/System/Library/PrivateFrameworks/Symbolication.framework/Versions/A/Symbolication
0x00007fff69e15000 	/System/Library/PrivateFrameworks/SpeechRecognitionCore.framework/Versions/A/SpeechRecognitionCore
0x0000000102200000 	/Library/Java/JavaVirtualMachines/jdk1.8.0_181.jdk/Contents/Home/jre/lib/server/libjvm.dylib
0x00007fff6f5fb000 	/usr/lib/libstdc++.6.dylib
0x00000001008cc000 	/Library/Java/JavaVirtualMachines/jdk1.8.0_181.jdk/Contents/Home/jre/lib/libverify.dylib
0x00000001008da000 	/Library/Java/JavaVirtualMachines/jdk1.8.0_181.jdk/Contents/Home/jre/lib/libjava.dylib
0x0000000100911000 	/Library/Java/JavaVirtualMachines/jdk1.8.0_181.jdk/Contents/Home/jre/lib/libinstrument.dylib
0x000000010097d000 	/Library/Java/JavaVirtualMachines/jdk1.8.0_181.jdk/Contents/Home/jre/lib/libzip.dylib
0x00000001009af000 	/Library/Java/JavaVirtualMachines/jdk1.8.0_181.jdk/Contents/Home/jre/lib/libnet.dylib
0x00000001009c6000 	/Library/Java/JavaVirtualMachines/jdk1.8.0_181.jdk/Contents/Home/jre/lib/libnio.dylib
0x0000000106607000 	/Library/Java/JavaVirtualMachines/jdk1.8.0_181.jdk/Contents/Home/jre/lib/libawt.dylib
0x00000001066b1000 	/Library/Java/JavaVirtualMachines/jdk1.8.0_181.jdk/Contents/Home/jre/lib/./libmlib_image.dylib
0x00007fff483a6000 	/System/Library/Frameworks/JavaVM.framework/Versions/A/Frameworks/JavaNativeFoundation.framework/Versions/A/JavaNativeFoundation
0x00007fff483af000 	/System/Library/Frameworks/JavaVM.framework/Versions/A/Frameworks/JavaRuntimeSupport.framework/Versions/A/JavaRuntimeSupport
0x00007fff483b8000 	/System/Library/Frameworks/JavaVM.framework/Versions/A/JavaVM
0x00007fff61ba1000 	/System/Library/PrivateFrameworks/JavaLaunching.framework/Versions/A/JavaLaunching
0x00007fff43563000 	/System/Library/Frameworks/Carbon.framework/Versions/A/Carbon
0x00007fff43564000 	/System/Library/Frameworks/Carbon.framework/Versions/A/Frameworks/CommonPanels.framework/Versions/A/CommonPanels
0x00007fff4385f000 	/System/Library/Frameworks/Carbon.framework/Versions/A/Frameworks/Help.framework/Versions/A/Help
0x00007fff43863000 	/System/Library/Frameworks/Carbon.framework/Versions/A/Frameworks/ImageCapture.framework/Versions/A/ImageCapture
0x00007fff438ff000 	/System/Library/Frameworks/Carbon.framework/Versions/A/Frameworks/OpenScripting.framework/Versions/A/OpenScripting
0x00007fff43937000 	/System/Library/Frameworks/Carbon.framework/Versions/A/Frameworks/Print.framework/Versions/A/Print
0x00007fff43939000 	/System/Library/Frameworks/Carbon.framework/Versions/A/Frameworks/SecurityHI.framework/Versions/A/SecurityHI
0x000000010677d000 	/Library/Java/JavaVirtualMachines/jdk1.8.0_181.jdk/Contents/Home/jre/lib/libawt_lwawt.dylib
0x0000000106837000 	/Library/Java/JavaVirtualMachines/jdk1.8.0_181.jdk/Contents/Home/jre/lib/./libosxapp.dylib
0x00007fff464a7000 	/System/Library/Frameworks/ExceptionHandling.framework/Versions/A/ExceptionHandling
0x00007fff5847a000 	/System/Library/PrivateFrameworks/CoreServicesInternal.framework/Versions/A/CoreServicesInternal
0x00007fff38a61000 	/System/Library/CoreServices/RawCamera.bundle/Contents/MacOS/RawCamera
0x00007fff62b95000 	/System/Library/PrivateFrameworks/MobileAsset.framework/Versions/A/MobileAsset
0x00007fff6a4c0000 	/System/Library/PrivateFrameworks/StreamingZip.framework/Versions/A/StreamingZip
0x00007fff4874a000 	/System/Library/Frameworks/MediaToolbox.framework/Versions/A/MediaToolbox
0x00007fff575ce000 	/System/Library/PrivateFrameworks/CoreAVCHD.framework/Versions/A/CoreAVCHD
0x00007fff48690000 	/System/Library/Frameworks/MediaAccessibility.framework/Versions/A/MediaAccessibility
0x00007fff625f2000 	/System/Library/PrivateFrameworks/Mangrove.framework/Versions/A/Mangrove
0x00007fff45340000 	/System/Library/Frameworks/CoreMedia.framework/Versions/A/CoreMedia
0x00007fff501a2000 	/System/Library/Frameworks/VideoToolbox.framework/Versions/A/VideoToolbox
0x00007fff571ea000 	/System/Library/PrivateFrameworks/CoreAUC.framework/Versions/A/CoreAUC
0x00007fff6f328000 	/usr/lib/libspindump.dylib
0x00007fff548a6000 	/System/Library/PrivateFrameworks/AppleVA.framework/Versions/A/AppleVA
0x00007fff406bf000 	/System/Library/Frameworks/Accelerate.framework/Versions/A/Frameworks/vImage.framework/Versions/A/Libraries/libCGInterfaces.dylib
0x00007fff429b2000 	/System/Library/Frameworks/ApplicationServices.framework/Versions/A/Frameworks/ATS.framework/Versions/A/Resources/libTrueTypeScaler.dylib
0x00007fff38dbd000 	/System/Library/Extensions/AMDMTLBronzeDriver.bundle/Contents/MacOS/AMDMTLBronzeDriver
0x00007fff615ed000 	/System/Library/PrivateFrameworks/IOAccelMemoryInfo.framework/Versions/A/IOAccelMemoryInfo
0x00007fff3d881000 	/System/Library/Extensions/AppleIntelKBLGraphicsMTLDriver.bundle/Contents/MacOS/AppleIntelKBLGraphicsMTLDriver
0x00007fff5dc84000 	/System/Library/PrivateFrameworks/GPUCompiler.framework/Versions/3902/Libraries/libmetal_timestamp.dylib
0x00007fff5a3da000 	/System/Library/PrivateFrameworks/FamilyControls.framework/Versions/A/FamilyControls
0x00007fff56d3b000 	/System/Library/PrivateFrameworks/CommerceKit.framework/Versions/A/Frameworks/CommerceCore.framework/Versions/A/CommerceCore
0x00007fff6a845000 	/System/Library/PrivateFrameworks/SystemAdministration.framework/Versions/A/SystemAdministration
0x00007fff54179000 	/System/Library/PrivateFrameworks/AppContainer.framework/Versions/A/AppContainer
0x00007fff54195000 	/System/Library/PrivateFrameworks/AppSandbox.framework/Versions/A/AppSandbox
0x00007fff68337000 	/System/Library/PrivateFrameworks/SecCodeWrapper.framework/Versions/A/SecCodeWrapper
0x00007fff6f2d9000 	/usr/lib/libsandbox.1.dylib
0x00007fff6d00c000 	/usr/lib/libMatch.1.dylib
0x00007fff59284000 	/System/Library/PrivateFrameworks/DiskManagement.framework/Versions/A/DiskManagement
0x00007fff46223000 	/System/Library/Frameworks/DirectoryService.framework/Versions/A/DirectoryService
0x00007fff591b5000 	/System/Library/PrivateFrameworks/DiskImages.framework/Versions/A/DiskImages
0x00007fff61ec8000 	/System/Library/PrivateFrameworks/LoginUIKit.framework/Versions/A/Frameworks/LoginUICore.framework/Versions/A/LoginUICore
0x00007fff6ccd0000 	/usr/lib/libCoreStorage.dylib
0x00007fff6db99000 	/usr/lib/libcsfde.dylib
0x00007fff6f159000 	/usr/lib/libodfde.dylib
0x00007fff6270a000 	/System/Library/PrivateFrameworks/MediaKit.framework/Versions/A/MediaKit
0x00007fff4622f000 	/System/Library/Frameworks/DiscRecording.framework/Versions/A/DiscRecording
0x00007fff593f6000 	/System/Library/PrivateFrameworks/EFILogin.framework/Versions/A/EFILogin
0x00007fff668c1000 	/System/Library/PrivateFrameworks/ProtectedCloudStorage.framework/Versions/A/ProtectedCloudStorage
0x00007fff6dc2b000 	/usr/lib/libcurl.4.dylib
0x00007fff6da98000 	/usr/lib/libcrypto.42.dylib
0x00007fff6f5cb000 	/usr/lib/libssl.44.dylib
0x00007fff483d7000 	/System/Library/Frameworks/LDAP.framework/Versions/A/LDAP
0x00007fff6aed5000 	/System/Library/PrivateFrameworks/TrustEvaluationAgent.framework/Versions/A/TrustEvaluationAgent
0x00007fff6f315000 	/usr/lib/libsasl2.2.dylib
0x00007fff57826000 	/System/Library/PrivateFrameworks/CoreDaemon.framework/Versions/B/CoreDaemon
0x00007fff547bb000 	/System/Library/PrivateFrameworks/AppleSRP.framework/Versions/A/AppleSRP
0x00007fff6bd0e000 	/System/Library/PrivateFrameworks/ViewBridge.framework/Versions/A/ViewBridge
0x000000010882b000 	/usr/lib/libobjc-trampolines.dylib
0x00007fff4deef000 	/System/Library/Frameworks/OpenGL.framework/Versions/A/Resources/GLEngine.bundle/GLEngine
0x00007fff4d391000 	/System/Library/Frameworks/OpenGL.framework/Versions/A/Libraries/libGLProgrammability.dylib
0x00007fff3caac000 	/System/Library/Extensions/AppleIntelKBLGraphicsGLDriver.bundle/Contents/MacOS/AppleIntelKBLGraphicsGLDriver
0x00007fff5f319000 	/System/Library/PrivateFrameworks/GPUSupport.framework/Versions/A/Libraries/libGPUSupportMercury.dylib
0x000000010ae12000 	/System/Library/Extensions/AMDRadeonX4000GLDriver.bundle/Contents/MacOS/AMDRadeonX4000GLDriver
0x00007fff38ec9000 	/System/Library/Extensions/AMDRadeonX4000GLDriver.bundle/Contents/MacOS/ATIRadeonX4000SCLib.dylib
0x00007fff4e087000 	/System/Library/Frameworks/OpenGL.framework/Versions/A/Resources/GLRendererFloat.bundle/GLRendererFloat
0x00007fff4c95b000 	/System/Library/Frameworks/OpenCL.framework/Versions/A/Libraries/libcldcpuengine.dylib
0x00007fff6d89e000 	/usr/lib/libcrypto.35.dylib
0x000000010b1e7000 	/Library/Java/JavaVirtualMachines/jdk1.8.0_181.jdk/Contents/Home/jre/lib/libmanagement.dylib
0x000000011bdd8000 	/Library/Java/JavaVirtualMachines/jdk1.8.0_181.jdk/Contents/Home/jre/lib/libsunec.dylib
0x000000011c734000 	/Users/lmajano/Sites/cboxdev/coldbox-core-modules/cborm/test-harness/.engine/adobe2018/fusionreactor/osgi/env/runtimefw/bundle10/version0.0/bundle.jar-lib/0/libsigar-universal64-macosx-fr.dylib
0x000000011d585000 	/Library/Java/JavaVirtualMachines/jdk1.8.0_181.jdk/Contents/Home/jre/lib/libfontmanager.dylib
0x000000011e26e000 	/Library/Java/JavaVirtualMachines/jdk1.8.0_181.jdk/Contents/Home/jre/lib/libosxui.dylib
0x00007fff685b5000 	/System/Library/PrivateFrameworks/Shortcut.framework/Versions/A/Shortcut
0x00007fff60309000 	/System/Library/PrivateFrameworks/HelpData.framework/Versions/A/HelpData
0x00000001508ef000 	/Library/Java/JavaVirtualMachines/jdk1.8.0_181.jdk/Contents/Home/jre/lib/libosx.dylib

VM Arguments:
jvm_args: -javaagent:/Users/lmajano/Sites/cboxdev/coldbox-core-modules/cborm/test-harness/.engine/adobe2018//fusionreactor/fusionreactor.jar=name=cborm-adobe@2018,address=127.0.0.1:51357 -Dfr.application.name=cborm-adobe@2018 -DDB_HOST=localhost -DDB_PASSWORD=mysql -DDB_USERNAME=root -Xmx1024m 
java_command: /Users/lmajano/.CommandBox/lib/runwar-3.8.1-SNAPSHOT.jar --host 127.0.0.1 51355 --processname cborm-adobe@2018 [adobe 2018.0.04+314546] --log-dir /Users/lmajano/Sites/cboxdev/coldbox-core-modules/cborm/test-harness/.engine/adobe2018//logs --server-name cborm-adobe@2018 --tray-icon /Users/lmajano/Sites/commandbox/src/cfml/system/config/server-icons/trayicon-cf2018.png --tray-config /Users/lmajano/.CommandBox/server/FF4FB6F36678D12FD254B584FE7CA495-cborm-adobe@2018/trayOptions.json --tray-enable true --directoryindex false --timeout 240 --proxy-peeraddress true --cookie-secure false --cookie-httponly false --servlet-rest-mappings __DISABLED__ --gzip-enable true --cfengine-name adobe --dirs /cf_scripts=/Users/lmajano/Sites/cboxdev/coldbox-core-modules/cborm/test-harness/.engine/adobe2018/cf_scripts/ --jvm-args=-javaagent:/Users/lmajano/Sites/cboxdev/coldbox-core-modules/cborm/test-harness/.engine/adobe2018//fusionreactor/fusionreactor.jar=name=cborm-adobe@2018,address=127.0.0.1:51357;-Dfr.application.name=cborm-adobe@2018;-DDB_HOST=localhost;-DDB_PASSWORD=mysql;-DDB_USERNAME=root;-Xmx1024m -war /Users/lmajano/Sites/cboxdev/coldbox-core-modules/cborm/test-harness/ --web-xml-path /Users/lmajano/Sites/cboxdev/coldbox-core-modules/cborm/test-harness/.engine/adobe2018//WEB-INF/web.xml --http-enable true --ssl-enable false --ajp-enable false --open-browser false --open-url http://127.0.0.1:51354 51354 --urlrewrite-enable true --urlrewrite-file /Users/lmajano/Sites/commandbox/src/cfml/system/config/urlrewrite.xml --background false --port 51354 --stop-port 51355
java_class_path (initial): /Users/lmajano/.CommandBox/lib/runwar-3.8.1-SNAPSHOT.jar:/Users/lmajano/Sites/cboxdev/coldbox-core-modules/cborm/test-harness/.engine/adobe2018//fusionreactor/fusionreactor.jar
Launcher Type: SUN_STANDARD

Environment Variables:
CLASSPATH=/usr/local/bin/box
PATH=/Users/lmajano/bin:/usr/local/bin:/Users/lmajano/.composer/vendor/bin:/usr/local/bin:/usr/bin:/bin:/usr/sbin:/sbin:/Users/lmajano/bin:/Users/lmajano/.composer/vendor/bin
SHELL=/bin/zsh

Signal Handlers:
SIGSEGV: [libjvm.dylib+0x5b6029], sa_mask[0]=11111111011111110111111111111111, sa_flags=SA_ONSTACK|SA_RESTART|SA_SIGINFO
SIGBUS: [libjvm.dylib+0x5b6029], sa_mask[0]=11111111011111110111111111111111, sa_flags=SA_RESTART|SA_SIGINFO
SIGFPE: [libjvm.dylib+0x48b934], sa_mask[0]=11111111011111110111111111111111, sa_flags=SA_RESTART|SA_SIGINFO
SIGPIPE: [libjvm.dylib+0x48b934], sa_mask[0]=11111111011111110111111111111111, sa_flags=SA_RESTART|SA_SIGINFO
SIGXFSZ: [libjvm.dylib+0x48b934], sa_mask[0]=11111111011111110111111111111111, sa_flags=SA_RESTART|SA_SIGINFO
SIGILL: [libjvm.dylib+0x48b934], sa_mask[0]=11111111011111110111111111111111, sa_flags=SA_RESTART|SA_SIGINFO
SIGUSR1: SIG_DFL, sa_mask[0]=00000000000000000000000000000000, sa_flags=SA_RESTART
SIGUSR2: [libjvm.dylib+0x48b452], sa_mask[0]=00100000000000000000000000000000, sa_flags=SA_RESTART|SA_SIGINFO
SIGHUP: SIG_IGN, sa_mask[0]=00000000000000000000000000000000, sa_flags=SA_RESTART
SIGINT: SIG_IGN, sa_mask[0]=00000000000000000000000000000000, sa_flags=none
SIGTERM: [libjvm.dylib+0x489a1d], sa_mask[0]=11111111011111110111111111111111, sa_flags=SA_RESTART|SA_SIGINFO
SIGQUIT: [libjvm.dylib+0x489a1d], sa_mask[0]=11111111011111110111111111111111, sa_flags=SA_RESTART|SA_SIGINFO


---------------  S Y S T E M  ---------------

OS:Bsduname:Darwin 18.6.0 Darwin Kernel Version 18.6.0: Thu Apr 25 23:16:27 PDT 2019; root:xnu-4903.261.4~2/RELEASE_X86_64 x86_64
rlimit: STACK 8192k, CORE 0k, NPROC 2837, NOFILE 10240, AS infinity
load average:2.56 3.41 3.83

CPU:total 12 (initial active 12) (6 cores per cpu, 2 threads per core) family 6 model 158 stepping 10, cmov, cx8, fxsr, mmx, sse, sse2, sse3, ssse3, sse4.1, sse4.2, popcnt, avx, avx2, aes, clmul, erms, rtm, 3dnowpref, lzcnt, ht, tsc, tscinvbit, bmi1, bmi2, adx

Memory: 4k page, physical 33554432k(17580k free)

/proc/meminfo:


vm_info: Java HotSpot(TM) 64-Bit Server VM (25.181-b13) for bsd-amd64 JRE (1.8.0_181-b13), built on Jul  7 2018 01:02:31 by "java_re" with gcc 4.2.1 (Based on Apple Inc. build 5658) (LLVM build 2336.11.00)

time: Tue Jun 25 16:50:02 2019
elapsed time: 262230 seconds (3d 0h 50m 30s)

